{"C:\\Users\\XYZ\\www\\xp\\open-source\\src\\utils.js":{"path":"C:\\Users\\XYZ\\www\\xp\\open-source\\src\\utils.js","s":{"1":1,"2":1,"3":1},"b":{},"f":{"1":1,"2":1},"fnMap":{"1":{"name":"(anonymous_1)","line":2,"loc":{"start":{"line":2,"column":13},"end":{"line":2,"column":27}}},"2":{"name":"(anonymous_2)","line":5,"loc":{"start":{"line":5,"column":9},"end":{"line":5,"column":23}}}},"statementMap":{"1":{"start":{"line":1,"column":0},"end":{"line":8,"column":2}},"2":{"start":{"line":3,"column":8},"end":{"line":3,"column":32}},"3":{"start":{"line":6,"column":8},"end":{"line":6,"column":30}}},"branchMap":{}}}